C:\USERS\AGAU\DROPBOX\CS184-HW6\DEBUG\DISPLAY.OBJ
C:\USERS\AGAU\DROPBOX\CS184-HW6\DEBUG\GLM.OBJ
C:\USERS\AGAU\DROPBOX\CS184-HW6\DEBUG\GLMIMG.OBJ
C:\USERS\AGAU\DROPBOX\CS184-HW6\DEBUG\MAIN.OBJ
C:\USERS\AGAU\DROPBOX\CS184-HW6\DEBUG\PARTICLESYSTEM.OBJ
C:\USERS\AGAU\DROPBOX\CS184-HW6\DEBUG\READFILE.OBJ
C:\USERS\AGAU\DROPBOX\CS184-HW6\DEBUG\SHADERS.OBJ
C:\USERS\AGAU\DROPBOX\CS184-HW6\DEBUG\SHAPES.OBJ
C:\USERS\AGAU\DROPBOX\CS184-HW6\DEBUG\TEXTURE.OBJ
C:\USERS\AGAU\DROPBOX\CS184-HW6\DEBUG\TRANSFORM.OBJ
C:\USERS\AGAU\DROPBOX\CS184-HW6\DEBUG\GRADER.OBJ
C:\USERS\AGAU\DROPBOX\CS184-HW6\DEBUG\VC100.PDB
C:\USERS\AGAU\DROPBOX\CS184-HW6\DEBUG\VEC3F.OBJ
C:\USERS\AGAU\DROPBOX\CS184-HW6\DEBUG\IMAGELOADER.OBJ
C:\USERS\AGAU\DROPBOX\CS184-HW6\DEBUG\HW4.EXE
C:\USERS\AGAU\DROPBOX\CS184-HW6\DEBUG\HW4.EXE.INTERMEDIATE.MANIFEST
C:\USERS\AGAU\DROPBOX\CS184-HW6\DEBUG\HW4.PDB
C:\Users\agau\Dropbox\cs184-hw6\Debug\display.obj
C:\Users\agau\Dropbox\cs184-hw6\Debug\glm.obj
C:\Users\agau\Dropbox\cs184-hw6\Debug\glmimg.obj
C:\Users\agau\Dropbox\cs184-hw6\Debug\grader.obj
C:\Users\agau\Dropbox\cs184-hw6\Debug\imageloader.obj
C:\Users\agau\Dropbox\cs184-hw6\Debug\main.obj
C:\Users\agau\Dropbox\cs184-hw6\Debug\particlesystem.obj
C:\Users\agau\Dropbox\cs184-hw6\Debug\readfile.obj
C:\Users\agau\Dropbox\cs184-hw6\Debug\shaders.obj
C:\Users\agau\Dropbox\cs184-hw6\Debug\shapes.obj
C:\Users\agau\Dropbox\cs184-hw6\Debug\Texture.obj
C:\Users\agau\Dropbox\cs184-hw6\Debug\Transform.obj
C:\Users\agau\Dropbox\cs184-hw6\Debug\vec3f.obj
C:\Users\agau\Dropbox\cs184-hw6\Debug\cl.command.1.tlog
C:\Users\agau\Dropbox\cs184-hw6\Debug\CL.read.1.tlog
C:\Users\agau\Dropbox\cs184-hw6\Debug\CL.write.1.tlog
C:\Users\agau\Dropbox\cs184-hw6\Debug\link.command.1.tlog
C:\Users\agau\Dropbox\cs184-hw6\Debug\link.read.1.tlog
C:\Users\agau\Dropbox\cs184-hw6\Debug\link.write.1.tlog
C:\Users\agau\Dropbox\cs184-hw6\Debug\mt.command.1.tlog
C:\Users\agau\Dropbox\cs184-hw6\Debug\mt.read.1.tlog
C:\Users\agau\Dropbox\cs184-hw6\Debug\mt.write.1.tlog
C:\Users\agau\Dropbox\cs184-hw6\Debug\hw4.exe.intermediate.manifest
C:\Users\agau\Dropbox\cs184-hw6\Debug\vc100.idb
C:\Users\agau\Dropbox\cs184-hw6\Debug\hw4.pdb
C:\Users\agau\Dropbox\cs184-hw6\Debug\vc100.pdb
C:\Users\agau\Dropbox\cs184-hw6\Debug\hw4.exe
